[2023-08-29T11:35:42.378Z]
IP Address: ::1
User Agent: PostmanRuntime/7.32.3
Referrer: undefined
Query Parameters: {}
Request Headers: {"user-agent":"PostmanRuntime/7.32.3","accept":"*/*","postman-token":"e0c2d525-b6c7-453e-875d-59202fe42b99","host":"localhost:3000","accept-encoding":"gzip, deflate, br","connection":"keep-alive"}
Request Body: {}
Method: GET
URL: /books/
Full URL: http://localhost:3000/api/books/
-----------------------------------------------[2023-08-29T11:36:52.740Z]
IP Address: ::1
User Agent: PostmanRuntime/7.32.3
Referrer: undefined
Query Parameters: {}
Request Headers: {"user-agent":"PostmanRuntime/7.32.3","accept":"*/*","postman-token":"aa0696d3-985f-410f-8cca-a9f40b3932f0","host":"localhost:3000","accept-encoding":"gzip, deflate, br","connection":"keep-alive"}
Request Body: {}
Method: GET
URL: /books/
Full URL: http://localhost:3000/api/books/
-----------------------------------------------[2023-08-29T11:37:16.065Z]
IP Address: ::1
User Agent: PostmanRuntime/7.32.3
Referrer: undefined
Query Parameters: {}
Request Headers: {"user-agent":"PostmanRuntime/7.32.3","accept":"*/*","postman-token":"675b9b4a-bef5-4309-acba-5324428c9857","host":"localhost:3000","accept-encoding":"gzip, deflate, br","connection":"keep-alive"}
Request Body: {}
Method: GET
URL: /books/
Full URL: http://localhost:3000/api/books/
-----------------------------------------------[2023-08-29T11:37:16.968Z]
IP Address: ::1
User Agent: PostmanRuntime/7.32.3
Referrer: undefined
Query Parameters: {}
Request Headers: {"user-agent":"PostmanRuntime/7.32.3","accept":"*/*","postman-token":"a5992399-3ae0-425e-8e23-85572619e8c0","host":"localhost:3000","accept-encoding":"gzip, deflate, br","connection":"keep-alive"}
Request Body: {}
Method: GET
URL: /books/
Full URL: http://localhost:3000/api/books/
-----------------------------------------------[2023-08-29T11:38:33.527Z]
IP Address: ::1
User Agent: PostmanRuntime/7.32.3
Referrer: undefined
Query Parameters: {}
Request Headers: {"user-agent":"PostmanRuntime/7.32.3","accept":"*/*","postman-token":"c6b9bb1f-4800-4a64-9b12-fce490fe25b4","host":"localhost:3000","accept-encoding":"gzip, deflate, br","connection":"keep-alive"}
Request Body: {}
Method: GET
URL: /books/
Full URL: http://localhost:3000/api/books/
-----------------------------------------------[2023-08-29T11:39:03.610Z]
IP Address: ::1
User Agent: PostmanRuntime/7.32.3
Referrer: undefined
Query Parameters: {}
Request Headers: {"user-agent":"PostmanRuntime/7.32.3","accept":"*/*","postman-token":"51715f5d-3506-472e-883a-2c55be0013a4","host":"localhost:3000","accept-encoding":"gzip, deflate, br","connection":"keep-alive"}
Request Body: {}
Method: GET
URL: /books/
Full URL: http://localhost:3000/api/books/
-----------------------------------------------[2023-08-29T11:39:15.568Z]
IP Address: ::1
User Agent: PostmanRuntime/7.32.3
Referrer: undefined
Query Parameters: {"role":"admin"}
Request Headers: {"user-agent":"PostmanRuntime/7.32.3","accept":"*/*","postman-token":"331ae9aa-933b-452c-bd4a-507d07323af2","host":"localhost:3000","accept-encoding":"gzip, deflate, br","connection":"keep-alive"}
Request Body: {}
Method: GET
URL: /books/?role=admin
Full URL: http://localhost:3000/api/books/?role=admin
-----------------------------------------------[2023-08-29T11:40:28.349Z]
IP Address: ::1
User Agent: PostmanRuntime/7.32.3
Referrer: undefined
Query Parameters: {"role":"admin"}
Request Headers: {"user-agent":"PostmanRuntime/7.32.3","accept":"*/*","postman-token":"2703e0e1-eeac-4c58-a144-0ef9789023b6","host":"localhost:3000","accept-encoding":"gzip, deflate, br","connection":"keep-alive"}
Request Body: {}
Method: GET
URL: /books/?role=admin
Full URL: http://localhost:3000/api/books/?role=admin
-----------------------------------------------[2023-08-29T11:40:32.356Z]
IP Address: ::1
User Agent: PostmanRuntime/7.32.3
Referrer: undefined
Query Parameters: {}
Request Headers: {"user-agent":"PostmanRuntime/7.32.3","accept":"*/*","postman-token":"83609e52-257f-43bb-a2fc-1ea39672d107","host":"localhost:3000","accept-encoding":"gzip, deflate, br","connection":"keep-alive"}
Request Body: {}
Method: GET
URL: /books/
Full URL: http://localhost:3000/api/books/
-----------------------------------------------[2023-08-29T11:40:44.112Z]
IP Address: ::1
User Agent: PostmanRuntime/7.32.3
Referrer: undefined
Query Parameters: {}
Request Headers: {"user-agent":"PostmanRuntime/7.32.3","accept":"*/*","postman-token":"f4d7d842-9563-4abe-8423-7358f9871295","host":"localhost:3000","accept-encoding":"gzip, deflate, br","connection":"keep-alive"}
Request Body: {}
Method: GET
URL: /books/
Full URL: http://localhost:3000/api/books/
-----------------------------------------------[2023-08-29T11:41:56.389Z]
IP Address: ::1
User Agent: PostmanRuntime/7.32.3
Referrer: undefined
Query Parameters: {}
Request Headers: {"user-agent":"PostmanRuntime/7.32.3","accept":"*/*","postman-token":"8ae86403-8515-4445-871d-361c42929fa0","host":"localhost:3000","accept-encoding":"gzip, deflate, br","connection":"keep-alive"}
Request Body: {}
Method: GET
URL: /books/
Full URL: http://localhost:3000/api/books/
-----------------------------------------------[2023-08-29T11:43:12.753Z]
IP Address: ::1
User Agent: PostmanRuntime/7.32.3
Referrer: undefined
Query Parameters: {}
Request Headers: {"user-agent":"PostmanRuntime/7.32.3","accept":"*/*","postman-token":"dfbfe9d4-4057-4ec8-9a75-c3596627aaec","host":"localhost:3000","accept-encoding":"gzip, deflate, br","connection":"keep-alive"}
Request Body: {}
Method: GET
URL: /books/
Full URL: http://localhost:3000/api/books/
-----------------------------------------------[2023-08-29T11:43:21.615Z]
IP Address: ::1
User Agent: PostmanRuntime/7.32.3
Referrer: undefined
Query Parameters: {}
Request Headers: {"user-agent":"PostmanRuntime/7.32.3","accept":"*/*","postman-token":"0e302aa1-4630-4f48-8ee3-e00cdff4e41b","host":"localhost:3000","accept-encoding":"gzip, deflate, br","connection":"keep-alive"}
Request Body: {}
Method: GET
URL: /books/
Full URL: http://localhost:3000/api/books/
-----------------------------------------------[2023-08-29T11:44:07.221Z]
IP Address: ::1
User Agent: PostmanRuntime/7.32.3
Referrer: undefined
Query Parameters: {}
Request Headers: {"user-agent":"PostmanRuntime/7.32.3","accept":"*/*","postman-token":"73d7f3a0-af96-4304-bbd7-4d30d7a813de","host":"localhost:3000","accept-encoding":"gzip, deflate, br","connection":"keep-alive"}
Request Body: {}
Method: GET
URL: /books/
Full URL: http://localhost:3000/api/books/
-----------------------------------------------[2023-08-29T11:44:10.529Z]
IP Address: ::1
User Agent: PostmanRuntime/7.32.3
Referrer: undefined
Query Parameters: {"role":"admin"}
Request Headers: {"user-agent":"PostmanRuntime/7.32.3","accept":"*/*","postman-token":"cdba7025-c419-4b18-b18e-d61979ebdda9","host":"localhost:3000","accept-encoding":"gzip, deflate, br","connection":"keep-alive"}
Request Body: {}
Method: GET
URL: /books/?role=admin
Full URL: http://localhost:3000/api/books/?role=admin
-----------------------------------------------[2023-08-29T12:02:24.364Z]
IP Address: ::1
User Agent: PostmanRuntime/7.32.3
Referrer: undefined
Query Parameters: {"role":"admin"}
Request Headers: {"user-agent":"PostmanRuntime/7.32.3","accept":"*/*","postman-token":"ab7b0822-8fcd-4a67-875f-59c2e0c36744","host":"localhost:3000","accept-encoding":"gzip, deflate, br","connection":"keep-alive"}
Request Body: {}
Method: GET
URL: /books/?role=admin
Full URL: http://localhost:3000/api/books/?role=admin
-----------------------------------------------[2023-08-29T12:33:49.611Z]
IP Address: ::1
User Agent: PostmanRuntime/7.32.3
Referrer: undefined
Query Parameters: {}
Request Headers: {"content-type":"application/json","user-agent":"PostmanRuntime/7.32.3","accept":"*/*","postman-token":"ab8d7f12-9bae-4149-b20b-a9e8a79a42c3","host":"localhost:3000","accept-encoding":"gzip, deflate, br","connection":"keep-alive","content-length":"58"}
Request Body: {
  "username": "hitler",
  "password": "hailhitler"
}
Method: GET
URL: /register
Full URL: http://localhost:3000/user/register
-----------------------------------------------[2023-08-29T12:35:37.425Z]
IP Address: ::1
User Agent: PostmanRuntime/7.32.3
Referrer: undefined
Query Parameters: {}
Request Headers: {"content-type":"application/json","user-agent":"PostmanRuntime/7.32.3","accept":"*/*","postman-token":"b67b280c-158b-49ad-8e45-617a604da827","host":"localhost:3000","accept-encoding":"gzip, deflate, br","connection":"keep-alive","content-length":"58"}
Request Body: {
  "username": "hitler",
  "password": "hailhitler"
}
Method: GET
URL: /register/
Full URL: http://localhost:3000/user/register/
-----------------------------------------------[2023-08-29T12:36:11.605Z]
IP Address: ::1
User Agent: Mozilla/5.0 (Macintosh; Intel Mac OS X 10_15_7) AppleWebKit/605.1.15 (KHTML, like Gecko) Version/16.6 Safari/605.1.15
Referrer: undefined
Query Parameters: {}
Request Headers: {"host":"localhost:3000","sec-fetch-site":"none","cookie":"csrftoken=gHSyD9sRyXi27qZMeIWy8jeEO3pcfIY2QpUT8FC6CdXHpTsP4bQJA8B596nvguyC; __gads=ID=bda35848fa334812:T=1684896843:RT=1684896843:S=ALNI_MauJJ_1pI4uiCtBAKUT0bZn3aFcvQ; __gpi=UID=00000c0a066dd816:T=1684896843:RT=1684896843:S=ALNI_MaEQotKOS-7I42QY5DD61cum5mPTw; _ga=GA1.1.1659089217.1684896842","connection":"keep-alive","upgrade-insecure-requests":"1","sec-fetch-mode":"navigate","accept":"text/html,application/xhtml+xml,application/xml;q=0.9,*/*;q=0.8","user-agent":"Mozilla/5.0 (Macintosh; Intel Mac OS X 10_15_7) AppleWebKit/605.1.15 (KHTML, like Gecko) Version/16.6 Safari/605.1.15","accept-language":"en-GB,en;q=0.9","sec-fetch-dest":"document","accept-encoding":"gzip, deflate"}
Request Body: {}
Method: GET
URL: /register
Full URL: http://localhost:3000/user/register
-----------------------------------------------[2023-08-29T12:37:11.231Z]
IP Address: ::1
User Agent: PostmanRuntime/7.32.3
Referrer: undefined
Query Parameters: {}
Request Headers: {"content-type":"application/json","user-agent":"PostmanRuntime/7.32.3","accept":"*/*","postman-token":"3ed41312-7db0-435a-ae68-ee13373d0315","host":"localhost:3000","accept-encoding":"gzip, deflate, br","connection":"keep-alive","content-length":"79"}
Request Body: {
  "username": "hitler",
  "password": "hailhitler",
  "role": "admin"
}
Method: GET
URL: /register/
Full URL: http://localhost:3000/user/register/
-----------------------------------------------[2023-08-29T12:37:12.310Z]
IP Address: ::1
User Agent: PostmanRuntime/7.32.3
Referrer: undefined
Query Parameters: {}
Request Headers: {"content-type":"application/json","user-agent":"PostmanRuntime/7.32.3","accept":"*/*","postman-token":"698d6d76-c15d-4ab2-91f8-2cdc77fe0842","host":"localhost:3000","accept-encoding":"gzip, deflate, br","connection":"keep-alive","content-length":"79"}
Request Body: {
  "username": "hitler",
  "password": "hailhitler",
  "role": "admin"
}
Method: GET
URL: /register/
Full URL: http://localhost:3000/user/register/
-----------------------------------------------[2023-08-29T12:38:18.152Z]
IP Address: ::1
User Agent: PostmanRuntime/7.32.3
Referrer: undefined
Query Parameters: {}
Request Headers: {"content-type":"application/json","user-agent":"PostmanRuntime/7.32.3","accept":"*/*","postman-token":"d4365f2f-79df-423c-80cc-e5a2f0344737","host":"localhost:3000","accept-encoding":"gzip, deflate, br","connection":"keep-alive","content-length":"79"}
Request Body: {
  "username": "hitler",
  "password": "hailhitler",
  "role": "admin"
}
Method: POST
URL: /register/
Full URL: http://localhost:3000/user/register/
-----------------------------------------------[2023-08-29T12:38:41.816Z]
IP Address: ::1
User Agent: PostmanRuntime/7.32.3
Referrer: undefined
Query Parameters: {}
Request Headers: {"content-type":"application/json","user-agent":"PostmanRuntime/7.32.3","accept":"*/*","postman-token":"8a8c4668-ecf8-4500-a335-e00d33c06b17","host":"localhost:3000","accept-encoding":"gzip, deflate, br","connection":"keep-alive","content-length":"58"}
Request Body: {
  "username": "hitler",
  "password": "hailhitler"
}
Method: POST
URL: /register/
Full URL: http://localhost:3000/user/register/
-----------------------------------------------[2023-08-29T12:40:12.358Z]
IP Address: ::1
User Agent: PostmanRuntime/7.32.3
Referrer: undefined
Query Parameters: {}
Request Headers: {"content-type":"application/json","user-agent":"PostmanRuntime/7.32.3","accept":"*/*","postman-token":"b64d8ea0-eb90-46eb-844b-e6d1ccc0145a","host":"localhost:3000","accept-encoding":"gzip, deflate, br","connection":"keep-alive","content-length":"58"}
Request Body: {
  "username": "hitler",
  "password": "hailhitler"
}
Method: POST
URL: /register/
Full URL: http://localhost:3000/user/register/
-----------------------------------------------[2023-08-29T12:41:10.248Z]
IP Address: ::1
User Agent: PostmanRuntime/7.32.3
Referrer: undefined
Query Parameters: {}
Request Headers: {"content-type":"application/json","user-agent":"PostmanRuntime/7.32.3","accept":"*/*","postman-token":"bc208754-8aff-4299-a6f5-983859df1996","host":"localhost:3000","accept-encoding":"gzip, deflate, br","connection":"keep-alive","content-length":"79"}
Request Body: {
  "username": "hitler",
  "password": "hailhitler",
  "role": "admin"
}
Method: POST
URL: /register/
Full URL: http://localhost:3000/user/register/
-----------------------------------------------[2023-08-29T12:41:16.665Z]
IP Address: ::1
User Agent: PostmanRuntime/7.32.3
Referrer: undefined
Query Parameters: {}
Request Headers: {"content-type":"application/json","user-agent":"PostmanRuntime/7.32.3","accept":"*/*","postman-token":"eaa8c25a-699b-41cf-92f2-22a7f9e1c22a","host":"localhost:3000","accept-encoding":"gzip, deflate, br","connection":"keep-alive","content-length":"79"}
Request Body: {
  "username": "hitler",
  "password": "hailhitler",
  "role": "admin"
}
Method: POST
URL: /login/
Full URL: http://localhost:3000/user/login/
-----------------------------------------------[2023-08-29T12:46:11.462Z]
IP Address: ::1
User Agent: PostmanRuntime/7.32.3
Referrer: undefined
Query Parameters: {}
Request Headers: {"content-type":"application/json","user-agent":"PostmanRuntime/7.32.3","accept":"*/*","postman-token":"d901285e-f41c-41a2-9919-f9b51a535a03","host":"localhost:3000","accept-encoding":"gzip, deflate, br","connection":"keep-alive","content-length":"79"}
Request Body: {
  "username": "hitler",
  "password": "hailhitler",
  "role": "admin"
}
Method: POST
URL: /register/
Full URL: http://localhost:3000/user/register/
-----------------------------------------------[2023-08-29T12:48:40.143Z]
IP Address: ::1
User Agent: PostmanRuntime/7.32.3
Referrer: undefined
Query Parameters: {}
Request Headers: {"content-type":"application/json","user-agent":"PostmanRuntime/7.32.3","accept":"*/*","postman-token":"09528a02-bcd0-4d34-b22d-029fa2460b0a","host":"localhost:3000","accept-encoding":"gzip, deflate, br","connection":"keep-alive","content-length":"79"}
Request Body: {
  "username": "hitler",
  "password": "hailhitler",
  "role": "admin"
}
Method: POST
URL: /register/
Full URL: http://localhost:3000/user/register/
-----------------------------------------------[2023-08-29T12:49:11.906Z]
IP Address: ::1
User Agent: PostmanRuntime/7.32.3
Referrer: undefined
Query Parameters: {}
Request Headers: {"content-type":"application/json","user-agent":"PostmanRuntime/7.32.3","accept":"*/*","postman-token":"366630ad-93d2-47a0-b9f6-b1aba89416b8","host":"localhost:3000","accept-encoding":"gzip, deflate, br","connection":"keep-alive","content-length":"79"}
Request Body: {
  "username": "hitler",
  "password": "hailhitler",
  "role": "admin"
}
Method: POST
URL: /register/
Full URL: http://localhost:3000/user/register/
-----------------------------------------------[2023-08-29T12:49:44.189Z]
IP Address: ::1
User Agent: PostmanRuntime/7.32.3
Referrer: undefined
Query Parameters: {}
Request Headers: {"content-type":"application/json","user-agent":"PostmanRuntime/7.32.3","accept":"*/*","postman-token":"6f58ea72-5116-4296-9821-9850e07f2fdc","host":"localhost:3000","accept-encoding":"gzip, deflate, br","connection":"keep-alive","content-length":"79"}
Request Body: {
  "username": "hitler",
  "password": "hailhitler",
  "role": "admin"
}
Method: POST
URL: /register/
Full URL: http://localhost:3000/user/register/
-----------------------------------------------[2023-08-29T12:50:53.392Z]
IP Address: ::1
User Agent: PostmanRuntime/7.32.3
Referrer: undefined
Query Parameters: {}
Request Headers: {"content-type":"application/json","user-agent":"PostmanRuntime/7.32.3","accept":"*/*","postman-token":"e3473eca-72da-4818-a4cb-63b95efcd931","host":"localhost:3000","accept-encoding":"gzip, deflate, br","connection":"keep-alive","content-length":"79"}
Request Body: {
  "username": "hitler",
  "password": "hailhitler",
  "role": "admin"
}
Method: POST
URL: /register/
Full URL: http://localhost:3000/user/register/
-----------------------------------------------[2023-08-29T12:51:54.815Z]
IP Address: ::1
User Agent: PostmanRuntime/7.32.3
Referrer: undefined
Query Parameters: {}
Request Headers: {"content-type":"application/json","user-agent":"PostmanRuntime/7.32.3","accept":"*/*","postman-token":"bc75d276-e76e-44a4-b08c-56e7a24234c5","host":"localhost:3000","accept-encoding":"gzip, deflate, br","connection":"keep-alive","content-length":"79"}
Request Body: {
  "username": "hitler",
  "password": "hailhitler",
  "role": "admin"
}
Method: POST
URL: /register/
Full URL: http://localhost:3000/user/register/
-----------------------------------------------[2023-08-29T12:53:15.364Z]
IP Address: ::1
User Agent: PostmanRuntime/7.32.3
Referrer: undefined
Query Parameters: {}
Request Headers: {"content-type":"application/json","user-agent":"PostmanRuntime/7.32.3","accept":"*/*","postman-token":"7897f3cc-afcc-4d3d-92dc-82a9c63a4bca","host":"localhost:3000","accept-encoding":"gzip, deflate, br","connection":"keep-alive","content-length":"79"}
Request Body: {
  "username": "hitler",
  "password": "hailhitler",
  "role": "admin"
}
Method: POST
URL: /register/
Full URL: http://localhost:3000/user/register/
-----------------------------------------------[2023-08-29T12:55:45.227Z]
IP Address: ::1
User Agent: PostmanRuntime/7.32.3
Referrer: undefined
Query Parameters: {}
Request Headers: {"content-type":"application/json","user-agent":"PostmanRuntime/7.32.3","accept":"*/*","postman-token":"ad340d5e-98d7-44a6-a084-e10130f4508c","host":"localhost:3000","accept-encoding":"gzip, deflate, br","connection":"keep-alive","content-length":"79"}
Request Body: {
  "username": "hitler",
  "password": "hailhitler",
  "role": "admin"
}
Method: POST
URL: /register/
Full URL: http://localhost:3000/user/register/
-----------------------------------------------[2023-08-29T12:55:56.885Z]
IP Address: ::1
User Agent: PostmanRuntime/7.32.3
Referrer: undefined
Query Parameters: {}
Request Headers: {"content-type":"application/json","user-agent":"PostmanRuntime/7.32.3","accept":"*/*","postman-token":"8c083e9e-c56d-435c-8425-175631a9e560","host":"localhost:3000","accept-encoding":"gzip, deflate, br","connection":"keep-alive","content-length":"79"}
Request Body: {
  "username": "hitler",
  "password": "hailhitler",
  "role": "admin"
}
Method: POST
URL: /login/
Full URL: http://localhost:3000/user/login/
-----------------------------------------------[2023-08-29T12:56:00.454Z]
IP Address: ::1
User Agent: PostmanRuntime/7.32.3
Referrer: undefined
Query Parameters: {}
Request Headers: {"content-type":"application/json","user-agent":"PostmanRuntime/7.32.3","accept":"*/*","postman-token":"6bf9f35f-539e-43f8-a497-042c0001fe6b","host":"localhost:3000","accept-encoding":"gzip, deflate, br","connection":"keep-alive","content-length":"79"}
Request Body: {
  "username": "hitler",
  "password": "hailhitler",
  "role": "admin"
}
Method: POST
URL: /login/
Full URL: http://localhost:3000/user/login/
-----------------------------------------------[2023-08-29T12:56:01.227Z]
IP Address: ::1
User Agent: PostmanRuntime/7.32.3
Referrer: undefined
Query Parameters: {}
Request Headers: {"content-type":"application/json","user-agent":"PostmanRuntime/7.32.3","accept":"*/*","postman-token":"767d94b2-860e-4ddc-9a11-2a8699c9f8f8","host":"localhost:3000","accept-encoding":"gzip, deflate, br","connection":"keep-alive","content-length":"79"}
Request Body: {
  "username": "hitler",
  "password": "hailhitler",
  "role": "admin"
}
Method: POST
URL: /login/
Full URL: http://localhost:3000/user/login/
-----------------------------------------------[2023-08-29T12:57:26.727Z]
IP Address: ::1
User Agent: PostmanRuntime/7.32.3
Referrer: undefined
Query Parameters: {}
Request Headers: {"content-type":"application/json","user-agent":"PostmanRuntime/7.32.3","accept":"*/*","postman-token":"ee6cc41f-364d-44c3-8428-e7728a176b4b","host":"localhost:3000","accept-encoding":"gzip, deflate, br","connection":"keep-alive","content-length":"58"}
Request Body: {
  "username": "hitler",
  "password": "hailhitler"
}
Method: POST
URL: /login/
Full URL: http://localhost:3000/user/login/
-----------------------------------------------[2023-08-29T12:58:04.478Z]
IP Address: ::1
User Agent: PostmanRuntime/7.32.3
Referrer: undefined
Query Parameters: {}
Request Headers: {"content-type":"application/json","user-agent":"PostmanRuntime/7.32.3","accept":"*/*","postman-token":"e84a27d8-cf9b-44b9-a1d7-e82f060ed23d","host":"localhost:3000","accept-encoding":"gzip, deflate, br","connection":"keep-alive","content-length":"58"}
Request Body: {
  "username": "hitler",
  "password": "hailhitler"
}
Method: POST
URL: /login/
Full URL: http://localhost:3000/user/login/
-----------------------------------------------[2023-08-29T12:58:36.261Z]
IP Address: ::1
User Agent: PostmanRuntime/7.32.3
Referrer: undefined
Query Parameters: {}
Request Headers: {"content-type":"application/json","user-agent":"PostmanRuntime/7.32.3","accept":"*/*","postman-token":"952c7b3e-ab64-4b6e-ab8c-bf0e1c13a1b9","host":"localhost:3000","accept-encoding":"gzip, deflate, br","connection":"keep-alive","content-length":"79"}
Request Body: {
  "username": "hitler",
  "password": "hailhitler",
  "role": "admin"
}
Method: POST
URL: /register/
Full URL: http://localhost:3000/user/register/
-----------------------------------------------[2023-08-29T12:58:51.071Z]
IP Address: ::1
User Agent: PostmanRuntime/7.32.3
Referrer: undefined
Query Parameters: {}
Request Headers: {"content-type":"application/json","user-agent":"PostmanRuntime/7.32.3","accept":"*/*","postman-token":"25fd69cc-3549-409d-a8b0-ecf1504ee564","host":"localhost:3000","accept-encoding":"gzip, deflate, br","connection":"keep-alive","content-length":"58"}
Request Body: {
  "username": "hitler",
  "password": "hailhitler"
}
Method: POST
URL: /login/
Full URL: http://localhost:3000/user/login/
-----------------------------------------------[2023-08-29T13:15:48.334Z]
IP Address: ::1
User Agent: PostmanRuntime/7.32.3
Referrer: undefined
Query Parameters: {}
Request Headers: {"content-type":"application/json","user-agent":"PostmanRuntime/7.32.3","accept":"*/*","postman-token":"6b37e83f-6461-437c-8959-8d7ecebf5ecb","host":"localhost:3000","accept-encoding":"gzip, deflate, br","connection":"keep-alive","content-length":"58"}
Request Body: {
  "username": "hitler",
  "password": "hailhitler"
}
Method: POST
URL: /login/
Full URL: http://localhost:3000/user/login/
-----------------------------------------------[2023-08-29T13:15:51.987Z]
IP Address: ::1
User Agent: PostmanRuntime/7.32.3
Referrer: undefined
Query Parameters: {}
Request Headers: {"content-type":"application/json","user-agent":"PostmanRuntime/7.32.3","accept":"*/*","postman-token":"61787761-eb23-4d12-bade-b8ef5f237bf3","host":"localhost:3000","accept-encoding":"gzip, deflate, br","connection":"keep-alive","content-length":"79"}
Request Body: {
  "username": "hitler",
  "password": "hailhitler",
  "role": "admin"
}
Method: POST
URL: /register/
Full URL: http://localhost:3000/user/register/
-----------------------------------------------[2023-08-29T13:15:55.232Z]
IP Address: ::1
User Agent: PostmanRuntime/7.32.3
Referrer: undefined
Query Parameters: {}
Request Headers: {"content-type":"application/json","user-agent":"PostmanRuntime/7.32.3","accept":"*/*","postman-token":"e258fcc6-46b5-4557-89f5-9e9103221d4c","host":"localhost:3000","accept-encoding":"gzip, deflate, br","connection":"keep-alive","content-length":"58"}
Request Body: {
  "username": "hitler",
  "password": "hailhitler"
}
Method: POST
URL: /login/
Full URL: http://localhost:3000/user/login/
-----------------------------------------------[2023-08-29T13:16:49.143Z]
IP Address: ::1
User Agent: PostmanRuntime/7.32.3
Referrer: undefined
Query Parameters: {}
Request Headers: {"content-type":"application/json","user-agent":"PostmanRuntime/7.32.3","accept":"*/*","postman-token":"d7007742-b9fd-4e36-8b95-bb6012b6b961","host":"localhost:3000","accept-encoding":"gzip, deflate, br","connection":"keep-alive","content-length":"58"}
Request Body: {
  "username": "hitler",
  "password": "hailhitler"
}
Method: POST
URL: /login/
Full URL: http://localhost:3000/user/login/
-----------------------------------------------[2023-08-29T13:17:56.403Z]
IP Address: ::1
User Agent: PostmanRuntime/7.32.3
Referrer: undefined
Query Parameters: {}
Request Headers: {"user-agent":"PostmanRuntime/7.32.3","accept":"*/*","postman-token":"029958e5-ef0c-4f73-86c0-ebafc92d5c3a","host":"localhost:3000","accept-encoding":"gzip, deflate, br","connection":"keep-alive"}
Request Body: {}
Method: GET
URL: /users
Full URL: http://localhost:3000/user/users
-----------------------------------------------[2023-08-29T13:18:12.955Z]
IP Address: ::1
User Agent: PostmanRuntime/7.32.3
Referrer: undefined
Query Parameters: {}
Request Headers: {"user-agent":"PostmanRuntime/7.32.3","accept":"*/*","postman-token":"57eecaaf-fd6e-4a74-aebe-49a07c17043a","host":"localhost:3000","accept-encoding":"gzip, deflate, br","connection":"keep-alive"}
Request Body: {}
Method: GET
URL: /
Full URL: http://localhost:3000/user/
-----------------------------------------------[2023-08-29T13:18:31.053Z]
IP Address: ::1
User Agent: PostmanRuntime/7.32.3
Referrer: undefined
Query Parameters: {}
Request Headers: {"content-type":"application/json","user-agent":"PostmanRuntime/7.32.3","accept":"*/*","postman-token":"97f1bc1d-265d-4e5b-befc-aa23ae945c1d","host":"localhost:3000","accept-encoding":"gzip, deflate, br","connection":"keep-alive","content-length":"23"}
Request Body: {
  "role": "admin"
}
Method: GET
URL: /
Full URL: http://localhost:3000/user/
-----------------------------------------------[2023-08-29T13:19:56.140Z]
IP Address: ::1
User Agent: PostmanRuntime/7.32.3
Referrer: undefined
Query Parameters: {}
Request Headers: {"authorization":"Bearer eyJhbGciOiJIUzI1NiIsInR5cCI6IkpXVCJ9.eyJ1c2VybmFtZSI6ImhpdGxlciIsInJvbGUiOiJhZG1pbiIsImlhdCI6MTY5MzMxNTAwOSwiZXhwIjoxNjkzMzE4NjA5fQ.0aIPBXuWCjP5NIhFChA7ytxzKAEN3Jg3UjdxP_pQqfA","user-agent":"PostmanRuntime/7.32.3","accept":"*/*","postman-token":"d592455c-32cb-4ef8-9efb-ca3eac9ccd38","host":"localhost:3000","accept-encoding":"gzip, deflate, br","connection":"keep-alive"}
Request Body: {}
Method: GET
URL: /
Full URL: http://localhost:3000/user/
-----------------------------------------------[2023-08-29T13:20:47.757Z]
IP Address: ::1
User Agent: PostmanRuntime/7.32.3
Referrer: undefined
Query Parameters: {}
Request Headers: {"user-agent":"PostmanRuntime/7.32.3","accept":"*/*","postman-token":"3ff42085-c564-4495-a8f8-5b6c3156c442","host":"localhost:3000","accept-encoding":"gzip, deflate, br","connection":"keep-alive"}
Request Body: {}
Method: GET
URL: /
Full URL: http://localhost:3000/user/
-----------------------------------------------[2023-08-29T13:20:56.933Z]
IP Address: ::1
User Agent: PostmanRuntime/7.32.3
Referrer: undefined
Query Parameters: {}
Request Headers: {"content-type":"application/json","user-agent":"PostmanRuntime/7.32.3","accept":"*/*","postman-token":"18a565c2-f99e-49c3-939d-38e59303b2ab","host":"localhost:3000","accept-encoding":"gzip, deflate, br","connection":"keep-alive","content-length":"58"}
Request Body: {
  "username": "hitler",
  "password": "hailhitler"
}
Method: POST
URL: /login/
Full URL: http://localhost:3000/user/login/
-----------------------------------------------[2023-08-29T13:21:00.799Z]
IP Address: ::1
User Agent: PostmanRuntime/7.32.3
Referrer: undefined
Query Parameters: {}
Request Headers: {"content-type":"application/json","user-agent":"PostmanRuntime/7.32.3","accept":"*/*","postman-token":"3cedf4a6-24c9-4931-93e3-9d15c7cf2a45","host":"localhost:3000","accept-encoding":"gzip, deflate, br","connection":"keep-alive","content-length":"79"}
Request Body: {
  "username": "hitler",
  "password": "hailhitler",
  "role": "admin"
}
Method: POST
URL: /register/
Full URL: http://localhost:3000/user/register/
-----------------------------------------------[2023-08-29T13:21:03.549Z]
IP Address: ::1
User Agent: PostmanRuntime/7.32.3
Referrer: undefined
Query Parameters: {}
Request Headers: {"content-type":"application/json","user-agent":"PostmanRuntime/7.32.3","accept":"*/*","postman-token":"0aae6035-db16-4f0f-900b-244dea9e10bd","host":"localhost:3000","accept-encoding":"gzip, deflate, br","connection":"keep-alive","content-length":"58"}
Request Body: {
  "username": "hitler",
  "password": "hailhitler"
}
Method: POST
URL: /login/
Full URL: http://localhost:3000/user/login/
-----------------------------------------------[2023-08-29T13:21:15.087Z]
IP Address: ::1
User Agent: PostmanRuntime/7.32.3
Referrer: undefined
Query Parameters: {}
Request Headers: {"user-agent":"PostmanRuntime/7.32.3","accept":"*/*","postman-token":"f499f056-4f4e-4fac-8075-e76cac4b3995","host":"localhost:3000","accept-encoding":"gzip, deflate, br","connection":"keep-alive"}
Request Body: {}
Method: GET
URL: /
Full URL: http://localhost:3000/user/
-----------------------------------------------[2023-08-29T13:21:22.540Z]
IP Address: ::1
User Agent: PostmanRuntime/7.32.3
Referrer: undefined
Query Parameters: {}
Request Headers: {"user-agent":"PostmanRuntime/7.32.3","accept":"*/*","postman-token":"13139a99-7f95-4b02-a6da-479dba89925a","host":"localhost:3000","accept-encoding":"gzip, deflate, br","connection":"keep-alive"}
Request Body: {}
Method: GET
URL: /
Full URL: http://localhost:3000/user/
-----------------------------------------------[2023-08-29T13:21:37.835Z]
IP Address: ::1
User Agent: PostmanRuntime/7.32.3
Referrer: undefined
Query Parameters: {}
Request Headers: {"authorization":"Bearer eyJhbGciOiJIUzI1NiIsInR5cCI6IkpXVCJ9.eyJ1c2VybmFtZSI6ImhpdGxlciIsInJvbGUiOiJhZG1pbiIsImlhdCI6MTY5MzMxNTI2MywiZXhwIjoxNjkzMzE4ODYzfQ.WaUYp-txvE1bdsXfFv3mYZ8AvAZhr0xDRZyxI3oZBAk","user-agent":"PostmanRuntime/7.32.3","accept":"*/*","postman-token":"3b5d6625-efcb-49b2-bde4-50968ebc1f43","host":"localhost:3000","accept-encoding":"gzip, deflate, br","connection":"keep-alive"}
Request Body: {}
Method: GET
URL: /
Full URL: http://localhost:3000/user/
-----------------------------------------------[2023-08-29T13:21:40.586Z]
IP Address: ::1
User Agent: PostmanRuntime/7.32.3
Referrer: undefined
Query Parameters: {}
Request Headers: {"authorization":"Bearer eyJhbGciOiJIUzI1NiIsInR5cCI6IkpXVCJ9.eyJ1c2VybmFtZSI6ImhpdGxlciIsInJvbGUiOiJhZG1pbiIsImlhdCI6MTY5MzMxNTI2MywiZXhwIjoxNjkzMzE4ODYzfQ.WaUYp-txvE1bdsXfFv3mYZ8AvAZhr0xDRZyxI3oZBAk","user-agent":"PostmanRuntime/7.32.3","accept":"*/*","postman-token":"bab9ad46-45ad-47b4-bb92-0ca6a7ea4ddc","host":"localhost:3000","accept-encoding":"gzip, deflate, br","connection":"keep-alive"}
Request Body: {}
Method: GET
URL: /
Full URL: http://localhost:3000/user/
-----------------------------------------------[2023-08-29T13:21:42.492Z]
IP Address: ::1
User Agent: PostmanRuntime/7.32.3
Referrer: undefined
Query Parameters: {}
Request Headers: {"content-type":"application/json","user-agent":"PostmanRuntime/7.32.3","accept":"*/*","postman-token":"405965d0-f360-41ef-b9e5-9d890da56c2a","host":"localhost:3000","accept-encoding":"gzip, deflate, br","connection":"keep-alive","content-length":"58"}
Request Body: {
  "username": "hitler",
  "password": "hailhitler"
}
Method: POST
URL: /login/
Full URL: http://localhost:3000/user/login/
-----------------------------------------------[2023-08-29T13:21:44.364Z]
IP Address: ::1
User Agent: PostmanRuntime/7.32.3
Referrer: undefined
Query Parameters: {}
Request Headers: {"content-type":"application/json","user-agent":"PostmanRuntime/7.32.3","accept":"*/*","postman-token":"a8abd523-9151-40db-993b-1c9e52655ab4","host":"localhost:3000","accept-encoding":"gzip, deflate, br","connection":"keep-alive","content-length":"58"}
Request Body: {
  "username": "hitler",
  "password": "hailhitler"
}
Method: POST
URL: /login/
Full URL: http://localhost:3000/user/login/
-----------------------------------------------[2023-08-29T13:23:54.692Z]
IP Address: ::1
User Agent: PostmanRuntime/7.32.3
Referrer: undefined
Query Parameters: {}
Request Headers: {"authorization":"Bearer eyJhbGciOiJIUzI1NiIsInR5cCI6IkpXVCJ9.eyJ1c2VybmFtZSI6ImhpdGxlciIsInJvbGUiOiJhZG1pbiIsImlhdCI6MTY5MzMxNTI2MywiZXhwIjoxNjkzMzE4ODYzfQ.WaUYp-txvE1bdsXfFv3mYZ8AvAZhr0xDRZyxI3oZBAk","user-agent":"PostmanRuntime/7.32.3","accept":"*/*","postman-token":"001ca63d-220e-483f-a849-1f455cd5f113","host":"localhost:3000","accept-encoding":"gzip, deflate, br","connection":"keep-alive"}
Request Body: {}
Method: GET
URL: /login/
Full URL: http://localhost:3000/user/login/
-----------------------------------------------[2023-08-29T13:23:57.735Z]
IP Address: ::1
User Agent: PostmanRuntime/7.32.3
Referrer: undefined
Query Parameters: {}
Request Headers: {"content-type":"application/json","user-agent":"PostmanRuntime/7.32.3","accept":"*/*","postman-token":"82a39986-314d-4f9a-b2b7-08b0c8fd4ecd","host":"localhost:3000","accept-encoding":"gzip, deflate, br","connection":"keep-alive","content-length":"58"}
Request Body: {
  "username": "hitler",
  "password": "hailhitler"
}
Method: POST
URL: /login/
Full URL: http://localhost:3000/user/login/
-----------------------------------------------[2023-08-29T13:24:20.967Z]
IP Address: ::1
User Agent: PostmanRuntime/7.32.3
Referrer: undefined
Query Parameters: {}
Request Headers: {"authorization":"Bearer eyJhbGciOiJIUzI1NiIsInR5cCI6IkpXVCJ9.eyJ1c2VybmFtZSI6ImhpdGxlciIsInJvbGUiOiJhZG1pbiIsImlhdCI6MTY5MzMxNTI2MywiZXhwIjoxNjkzMzE4ODYzfQ.WaUYp-txvE1bdsXfFv3mYZ8AvAZhr0xDRZyxI3oZBAk","user-agent":"PostmanRuntime/7.32.3","accept":"*/*","postman-token":"6c0cb376-8eb6-406f-ab8f-92f0d0f3f3bf","host":"localhost:3000","accept-encoding":"gzip, deflate, br","connection":"keep-alive"}
Request Body: {}
Method: GET
URL: /login/
Full URL: http://localhost:3000/user/login/
-----------------------------------------------[2023-08-29T13:24:45.894Z]
IP Address: ::1
User Agent: PostmanRuntime/7.32.3
Referrer: undefined
Query Parameters: {}
Request Headers: {"authorization":"Bearer eyJhbGciOiJIUzI1NiIsInR5cCI6IkpXVCJ9.eyJ1c2VybmFtZSI6ImhpdGxlciIsInJvbGUiOiJhZG1pbiIsImlhdCI6MTY5MzMxNTI2MywiZXhwIjoxNjkzMzE4ODYzfQ.WaUYp-txvE1bdsXfFv3mYZ8AvAZhr0xDRZyxI3oZBAk","user-agent":"PostmanRuntime/7.32.3","accept":"*/*","postman-token":"11348728-3752-4054-8ecc-b7d88b169410","host":"localhost:3000","accept-encoding":"gzip, deflate, br","connection":"keep-alive"}
Request Body: {}
Method: GET
URL: /
Full URL: http://localhost:3000/user/
-----------------------------------------------[2023-08-29T13:24:49.114Z]
IP Address: ::1
User Agent: PostmanRuntime/7.32.3
Referrer: undefined
Query Parameters: {}
Request Headers: {"content-type":"application/json","user-agent":"PostmanRuntime/7.32.3","accept":"*/*","postman-token":"b82f014f-31c8-4212-8b1e-4426607d4d59","host":"localhost:3000","accept-encoding":"gzip, deflate, br","connection":"keep-alive","content-length":"58"}
Request Body: {
  "username": "hitler",
  "password": "hailhitler"
}
Method: POST
URL: /login/
Full URL: http://localhost:3000/user/login/
-----------------------------------------------[2023-08-29T13:25:00.576Z]
IP Address: ::1
User Agent: PostmanRuntime/7.32.3
Referrer: undefined
Query Parameters: {}
Request Headers: {"authorization":"Bearer eyJhbGciOiJIUzI1NiIsInR5cCI6IkpXVCJ9.eyJ1c2VybmFtZSI6ImhpdGxlciIsInJvbGUiOiJhZG1pbiIsImlhdCI6MTY5MzMxNTI2MywiZXhwIjoxNjkzMzE4ODYzfQ.WaUYp-txvE1bdsXfFv3mYZ8AvAZhr0xDRZyxI3oZBAk","user-agent":"PostmanRuntime/7.32.3","accept":"*/*","postman-token":"40d88727-8f05-466b-b5b0-821345b418d8","host":"localhost:3000","accept-encoding":"gzip, deflate, br","connection":"keep-alive"}
Request Body: {}
Method: GET
URL: /
Full URL: http://localhost:3000/user/
-----------------------------------------------[2023-08-29T13:25:32.474Z]
IP Address: ::1
User Agent: PostmanRuntime/7.32.3
Referrer: undefined
Query Parameters: {}
Request Headers: {"content-type":"application/json","user-agent":"PostmanRuntime/7.32.3","accept":"*/*","postman-token":"17f2d629-defb-4736-a956-84bfa1f2f8e4","host":"localhost:3000","accept-encoding":"gzip, deflate, br","connection":"keep-alive","content-length":"79"}
Request Body: {
  "username": "hitler",
  "password": "hailhitler",
  "role": "admin"
}
Method: POST
URL: /register/
Full URL: http://localhost:3000/user/register/
-----------------------------------------------[2023-08-29T13:25:34.776Z]
IP Address: ::1
User Agent: PostmanRuntime/7.32.3
Referrer: undefined
Query Parameters: {}
Request Headers: {"content-type":"application/json","user-agent":"PostmanRuntime/7.32.3","accept":"*/*","postman-token":"2a6b3dd0-1648-448d-9189-871d494f62f4","host":"localhost:3000","accept-encoding":"gzip, deflate, br","connection":"keep-alive","content-length":"58"}
Request Body: {
  "username": "hitler",
  "password": "hailhitler"
}
Method: POST
URL: /login/
Full URL: http://localhost:3000/user/login/
-----------------------------------------------[2023-08-29T13:25:46.465Z]
IP Address: ::1
User Agent: PostmanRuntime/7.32.3
Referrer: undefined
Query Parameters: {}
Request Headers: {"authorization":"Bearer eyJhbGciOiJIUzI1NiIsInR5cCI6IkpXVCJ9.eyJ1c2VybmFtZSI6ImhpdGxlciIsInJvbGUiOiJhZG1pbiIsImlhdCI6MTY5MzMxNTI2MywiZXhwIjoxNjkzMzE4ODYzfQ.WaUYp-txvE1bdsXfFv3mYZ8AvAZhr0xDRZyxI3oZBAk","user-agent":"PostmanRuntime/7.32.3","accept":"*/*","postman-token":"69c07026-61b3-48bc-ba1a-d12217fcf859","host":"localhost:3000","accept-encoding":"gzip, deflate, br","connection":"keep-alive"}
Request Body: {}
Method: GET
URL: /
Full URL: http://localhost:3000/user/
-----------------------------------------------[2023-08-29T13:26:25.010Z]
IP Address: ::1
User Agent: PostmanRuntime/7.32.3
Referrer: undefined
Query Parameters: {}
Request Headers: {"content-type":"application/json","user-agent":"PostmanRuntime/7.32.3","accept":"*/*","postman-token":"5c642c22-7b14-4dee-9e77-05f68cf9e7a6","host":"localhost:3000","accept-encoding":"gzip, deflate, br","connection":"keep-alive","content-length":"79"}
Request Body: {
  "username": "hitler",
  "password": "hailhitler",
  "role": "admin"
}
Method: POST
URL: /register/
Full URL: http://localhost:3000/user/register/
-----------------------------------------------[2023-08-29T13:26:28.105Z]
IP Address: ::1
User Agent: PostmanRuntime/7.32.3
Referrer: undefined
Query Parameters: {}
Request Headers: {"content-type":"application/json","user-agent":"PostmanRuntime/7.32.3","accept":"*/*","postman-token":"f39a0778-5a09-4169-939d-318f37379251","host":"localhost:3000","accept-encoding":"gzip, deflate, br","connection":"keep-alive","content-length":"58"}
Request Body: {
  "username": "hitler",
  "password": "hailhitler"
}
Method: POST
URL: /login/
Full URL: http://localhost:3000/user/login/
-----------------------------------------------[2023-08-29T13:26:36.572Z]
IP Address: ::1
User Agent: PostmanRuntime/7.32.3
Referrer: undefined
Query Parameters: {}
Request Headers: {"authorization":"Bearer eyJhbGciOiJIUzI1NiIsInR5cCI6IkpXVCJ9.eyJ1c2VybmFtZSI6ImhpdGxlciIsInJvbGUiOiJhZG1pbiIsImlhdCI6MTY5MzMxNTI2MywiZXhwIjoxNjkzMzE4ODYzfQ.WaUYp-txvE1bdsXfFv3mYZ8AvAZhr0xDRZyxI3oZBAk","user-agent":"PostmanRuntime/7.32.3","accept":"*/*","postman-token":"4f4e20e8-177e-40dd-9511-52178df076bd","host":"localhost:3000","accept-encoding":"gzip, deflate, br","connection":"keep-alive"}
Request Body: {}
Method: GET
URL: /
Full URL: http://localhost:3000/user/
-----------------------------------------------[2023-08-29T13:26:41.877Z]
IP Address: ::1
User Agent: PostmanRuntime/7.32.3
Referrer: undefined
Query Parameters: {}
Request Headers: {"authorization":"Bearer eyJhbGciOiJIUzI1NiIsInR5cCI6IkpXVCJ9.eyJ1c2VybmFtZSI6ImhpdGxlciIsInJvbGUiOiJhZG1pbiIsImlhdCI6MTY5MzMxNTI2MywiZXhwIjoxNjkzMzE4ODYzfQ.WaUYp-txvE1bdsXfFv3mYZ8AvAZhr0xDRZyxI3oZBAk","user-agent":"PostmanRuntime/7.32.3","accept":"*/*","postman-token":"83d3b16e-79c9-4f27-917f-e997cc8dc3cf","host":"localhost:3000","accept-encoding":"gzip, deflate, br","connection":"keep-alive"}
Request Body: {}
Method: GET
URL: /
Full URL: http://localhost:3000/user/
-----------------------------------------------[2023-08-29T13:26:42.731Z]
IP Address: ::1
User Agent: PostmanRuntime/7.32.3
Referrer: undefined
Query Parameters: {}
Request Headers: {"authorization":"Bearer eyJhbGciOiJIUzI1NiIsInR5cCI6IkpXVCJ9.eyJ1c2VybmFtZSI6ImhpdGxlciIsInJvbGUiOiJhZG1pbiIsImlhdCI6MTY5MzMxNTI2MywiZXhwIjoxNjkzMzE4ODYzfQ.WaUYp-txvE1bdsXfFv3mYZ8AvAZhr0xDRZyxI3oZBAk","user-agent":"PostmanRuntime/7.32.3","accept":"*/*","postman-token":"2ea58804-992f-4375-94c2-749ead0f8c1c","host":"localhost:3000","accept-encoding":"gzip, deflate, br","connection":"keep-alive"}
Request Body: {}
Method: GET
URL: /
Full URL: http://localhost:3000/user/
-----------------------------------------------[2023-08-29T13:27:56.502Z]
IP Address: ::1
User Agent: PostmanRuntime/7.32.3
Referrer: undefined
Query Parameters: {}
Request Headers: {"content-type":"application/json","user-agent":"PostmanRuntime/7.32.3","accept":"*/*","postman-token":"6ead2134-ef25-4fe3-973f-40abbca9ce50","host":"localhost:3000","accept-encoding":"gzip, deflate, br","connection":"keep-alive","content-length":"79"}
Request Body: {
  "username": "hitler",
  "password": "hailhitler",
  "role": "admin"
}
Method: POST
URL: /register/
Full URL: http://localhost:3000/user/register/
-----------------------------------------------[2023-08-29T13:28:21.244Z]
IP Address: ::1
User Agent: PostmanRuntime/7.32.3
Referrer: undefined
Query Parameters: {}
Request Headers: {"content-type":"application/json","user-agent":"PostmanRuntime/7.32.3","accept":"*/*","postman-token":"28b73199-143a-4c9c-bd10-9fa6f8a58a19","host":"localhost:3000","accept-encoding":"gzip, deflate, br","connection":"keep-alive","content-length":"83"}
Request Body: {
  "username": "hailhitler",
  "password": "hailhitler",
  "role": "admin"
}
Method: POST
URL: /register/
Full URL: http://localhost:3000/user/register/
-----------------------------------------------[2023-08-29T13:28:26.393Z]
IP Address: ::1
User Agent: PostmanRuntime/7.32.3
Referrer: undefined
Query Parameters: {}
Request Headers: {"content-type":"application/json","user-agent":"PostmanRuntime/7.32.3","accept":"*/*","postman-token":"527f8e58-6790-4565-81af-4b96ebe8af4c","host":"localhost:3000","accept-encoding":"gzip, deflate, br","connection":"keep-alive","content-length":"58"}
Request Body: {
  "username": "hitler",
  "password": "hailhitler"
}
Method: POST
URL: /login/
Full URL: http://localhost:3000/user/login/
-----------------------------------------------[2023-08-29T13:28:32.351Z]
IP Address: ::1
User Agent: PostmanRuntime/7.32.3
Referrer: undefined
Query Parameters: {}
Request Headers: {"content-type":"application/json","user-agent":"PostmanRuntime/7.32.3","accept":"*/*","postman-token":"4fb1793c-c6dc-4d63-ba09-53b780ceac88","host":"localhost:3000","accept-encoding":"gzip, deflate, br","connection":"keep-alive","content-length":"62"}
Request Body: {
  "username": "hitlesadfr",
  "password": "hailhitler"
}
Method: POST
URL: /login/
Full URL: http://localhost:3000/user/login/
-----------------------------------------------[2023-08-29T13:28:41.145Z]
IP Address: ::1
User Agent: PostmanRuntime/7.32.3
Referrer: undefined
Query Parameters: {}
Request Headers: {"content-type":"application/json","user-agent":"PostmanRuntime/7.32.3","accept":"*/*","postman-token":"e780a531-50cf-4690-bae7-22d5fc6e04f9","host":"localhost:3000","accept-encoding":"gzip, deflate, br","connection":"keep-alive","content-length":"60"}
Request Body: {
  "username": "hitler",
  "password": "haisslhitler"
}
Method: POST
URL: /login/
Full URL: http://localhost:3000/user/login/
-----------------------------------------------[2023-08-29T13:28:54.072Z]
IP Address: ::1
User Agent: PostmanRuntime/7.32.3
Referrer: undefined
Query Parameters: {}
Request Headers: {"content-type":"application/json","user-agent":"PostmanRuntime/7.32.3","accept":"*/*","postman-token":"21e630c5-6840-4133-8e95-2ead35d88a76","host":"localhost:3000","accept-encoding":"gzip, deflate, br","connection":"keep-alive","content-length":"62"}
Request Body: {
  "username": "hailhitler",
  "password": "hailhitler"
}
Method: POST
URL: /login/
Full URL: http://localhost:3000/user/login/
-----------------------------------------------[2023-08-29T13:29:06.849Z]
IP Address: ::1
User Agent: PostmanRuntime/7.32.3
Referrer: undefined
Query Parameters: {}
Request Headers: {"authorization":"Bearer eyJhbGciOiJIUzI1NiIsInR5cCI6IkpXVCJ9.eyJ1c2VybmFtZSI6ImhpdGxlciIsInJvbGUiOiJhZG1pbiIsImlhdCI6MTY5MzMxNTI2MywiZXhwIjoxNjkzMzE4ODYzfQ.WaUYp-txvE1bdsXfFv3mYZ8AvAZhr0xDRZyxI3oZBAk","user-agent":"PostmanRuntime/7.32.3","accept":"*/*","postman-token":"b5d4d75d-1b5e-433b-95bb-c7ce982588f3","host":"localhost:3000","accept-encoding":"gzip, deflate, br","connection":"keep-alive"}
Request Body: {}
Method: GET
URL: /
Full URL: http://localhost:3000/user/
-----------------------------------------------